{"/Volumes/Fariz/bootcamp/DIETIV8/SERVER/app.js": {"path":"/Volumes/Fariz/bootcamp/DIETIV8/SERVER/app.js","statementMap":{"0":{"start":{"line":1,"column":0},"end":{"line":3,"column":1}},"1":{"start":{"line":2,"column":0},"end":{"line":2,"column":27}},"2":{"start":{"line":4,"column":16},"end":{"line":4,"column":34}},"3":{"start":{"line":5,"column":13},"end":{"line":5,"column":28}},"4":{"start":{"line":6,"column":12},"end":{"line":6,"column":21}},"5":{"start":{"line":7,"column":13},"end":{"line":7,"column":36}},"6":{"start":{"line":8,"column":15},"end":{"line":8,"column":40}},"7":{"start":{"line":9,"column":21},"end":{"line":9,"column":58}},"8":{"start":{"line":10,"column":0},"end":{"line":10,"column":16}},"9":{"start":{"line":11,"column":0},"end":{"line":11,"column":24}},"10":{"start":{"line":12,"column":0},"end":{"line":12,"column":48}},"11":{"start":{"line":13,"column":0},"end":{"line":13,"column":21}},"12":{"start":{"line":14,"column":0},"end":{"line":14,"column":22}},"13":{"start":{"line":21,"column":0},"end":{"line":21,"column":20}}},"fnMap":{},"branchMap":{"0":{"loc":{"start":{"line":1,"column":0},"end":{"line":3,"column":1}},"type":"if","locations":[{"start":{"line":1,"column":0},"end":{"line":3,"column":1}},{"start":{},"end":{}}],"line":1},"1":{"loc":{"start":{"line":7,"column":13},"end":{"line":7,"column":36}},"type":"binary-expr","locations":[{"start":{"line":7,"column":13},"end":{"line":7,"column":29}},{"start":{"line":7,"column":32},"end":{"line":7,"column":36}}],"line":7}},"s":{"0":5,"1":5,"2":5,"3":5,"4":5,"5":5,"6":5,"7":5,"8":5,"9":5,"10":5,"11":5,"12":5,"13":5},"f":{},"b":{"0":[5,0],"1":[5,5]},"_coverageSchema":"1a1c01bbd47fc00a2c39e90264f33305004495a9","hash":"126b6ff3a7d20499737104efda0628210b7e76c9"}
,"/Volumes/Fariz/bootcamp/DIETIV8/SERVER/config/configOpenAi.js": {"path":"/Volumes/Fariz/bootcamp/DIETIV8/SERVER/config/configOpenAi.js","statementMap":{"0":{"start":{"line":2,"column":0},"end":{"line":2,"column":27}},"1":{"start":{"line":3,"column":15},"end":{"line":3,"column":32}},"2":{"start":{"line":4,"column":34},"end":{"line":4,"column":60}},"3":{"start":{"line":5,"column":35},"end":{"line":5,"column":58}},"4":{"start":{"line":6,"column":36},"end":{"line":6,"column":65}},"5":{"start":{"line":7,"column":15},"end":{"line":9,"column":2}},"6":{"start":{"line":10,"column":27},"end":{"line":14,"column":1}},"7":{"start":{"line":16,"column":17},"end":{"line":22,"column":1}},"8":{"start":{"line":25,"column":2},"end":{"line":43,"column":3}},"9":{"start":{"line":26,"column":4},"end":{"line":29,"column":7}},"10":{"start":{"line":30,"column":21},"end":{"line":34,"column":6}},"11":{"start":{"line":38,"column":25},"end":{"line":38,"column":76}},"12":{"start":{"line":39,"column":23},"end":{"line":39,"column":47}},"13":{"start":{"line":40,"column":4},"end":{"line":40,"column":22}},"14":{"start":{"line":46,"column":0},"end":{"line":46,"column":23}}},"fnMap":{"0":{"name":"agent","decl":{"start":{"line":24,"column":15},"end":{"line":24,"column":20}},"loc":{"start":{"line":24,"column":32},"end":{"line":44,"column":1}},"line":24}},"branchMap":{},"s":{"0":5,"1":5,"2":5,"3":5,"4":5,"5":5,"6":5,"7":5,"8":3,"9":3,"10":3,"11":3,"12":3,"13":3,"14":5},"f":{"0":3},"b":{},"_coverageSchema":"1a1c01bbd47fc00a2c39e90264f33305004495a9","hash":"5e98e90a4ac9750b9f450fc63fe78d84b008f297"}
,"/Volumes/Fariz/bootcamp/DIETIV8/SERVER/config/foodCalorieAi.js": {"path":"/Volumes/Fariz/bootcamp/DIETIV8/SERVER/config/foodCalorieAi.js","statementMap":{"0":{"start":{"line":1,"column":34},"end":{"line":22,"column":1}},"1":{"start":{"line":24,"column":0},"end":{"line":24,"column":42}}},"fnMap":{},"branchMap":{},"s":{"0":5,"1":5},"f":{},"b":{},"_coverageSchema":"1a1c01bbd47fc00a2c39e90264f33305004495a9","hash":"66f47d6f73b8f7f538feba8400abee739ac75bd3"}
,"/Volumes/Fariz/bootcamp/DIETIV8/SERVER/config/recomendAi.js": {"path":"/Volumes/Fariz/bootcamp/DIETIV8/SERVER/config/recomendAi.js","statementMap":{"0":{"start":{"line":1,"column":36},"end":{"line":37,"column":1}},"1":{"start":{"line":39,"column":0},"end":{"line":39,"column":43}}},"fnMap":{},"branchMap":{},"s":{"0":5,"1":5},"f":{},"b":{},"_coverageSchema":"1a1c01bbd47fc00a2c39e90264f33305004495a9","hash":"b49d1fb5b70428517a7af0687c3f0cea8345fff5"}
,"/Volumes/Fariz/bootcamp/DIETIV8/SERVER/config/validFoodDrinkAi.js": {"path":"/Volumes/Fariz/bootcamp/DIETIV8/SERVER/config/validFoodDrinkAi.js","statementMap":{"0":{"start":{"line":1,"column":36},"end":{"line":16,"column":3}},"1":{"start":{"line":18,"column":0},"end":{"line":18,"column":44}}},"fnMap":{},"branchMap":{},"s":{"0":5,"1":5},"f":{},"b":{},"_coverageSchema":"1a1c01bbd47fc00a2c39e90264f33305004495a9","hash":"777dd0f62c2dd7385dd3f498be3bf5963da62453"}
,"/Volumes/Fariz/bootcamp/DIETIV8/SERVER/controllers/AchievementController.js": {"path":"/Volumes/Fariz/bootcamp/DIETIV8/SERVER/controllers/AchievementController.js","statementMap":{"0":{"start":{"line":1,"column":47},"end":{"line":1,"column":67}},"1":{"start":{"line":2,"column":14},"end":{"line":2,"column":30}},"2":{"start":{"line":3,"column":23},"end":{"line":3,"column":56}},"3":{"start":{"line":6,"column":17},"end":{"line":6,"column":25}},"4":{"start":{"line":7,"column":4},"end":{"line":15,"column":5}},"5":{"start":{"line":8,"column":26},"end":{"line":11,"column":8}},"6":{"start":{"line":12,"column":6},"end":{"line":12,"column":40}},"7":{"start":{"line":14,"column":6},"end":{"line":14,"column":18}},"8":{"start":{"line":18,"column":17},"end":{"line":18,"column":25}},"9":{"start":{"line":19,"column":28},"end":{"line":19,"column":36}},"10":{"start":{"line":20,"column":4},"end":{"line":47,"column":5}},"11":{"start":{"line":21,"column":6},"end":{"line":23,"column":7}},"12":{"start":{"line":22,"column":8},"end":{"line":22,"column":41}},"13":{"start":{"line":24,"column":23},"end":{"line":27,"column":8}},"14":{"start":{"line":28,"column":24},"end":{"line":28,"column":65}},"15":{"start":{"line":29,"column":27},"end":{"line":32,"column":7}},"16":{"start":{"line":36,"column":38},"end":{"line":39,"column":8}},"17":{"start":{"line":43,"column":6},"end":{"line":43,"column":76}},"18":{"start":{"line":46,"column":6},"end":{"line":46,"column":18}},"19":{"start":{"line":51,"column":0},"end":{"line":51,"column":39}}},"fnMap":{"0":{"name":"(anonymous_0)","decl":{"start":{"line":5,"column":2},"end":{"line":5,"column":3}},"loc":{"start":{"line":5,"column":46},"end":{"line":16,"column":3}},"line":5},"1":{"name":"(anonymous_1)","decl":{"start":{"line":17,"column":2},"end":{"line":17,"column":3}},"loc":{"start":{"line":17,"column":46},"end":{"line":48,"column":3}},"line":17}},"branchMap":{"0":{"loc":{"start":{"line":21,"column":6},"end":{"line":23,"column":7}},"type":"if","locations":[{"start":{"line":21,"column":6},"end":{"line":23,"column":7}},{"start":{},"end":{}}],"line":21}},"s":{"0":5,"1":5,"2":5,"3":1,"4":1,"5":1,"6":1,"7":0,"8":2,"9":2,"10":2,"11":2,"12":1,"13":1,"14":1,"15":1,"16":1,"17":1,"18":1,"19":5},"f":{"0":1,"1":2},"b":{"0":[1,1]},"_coverageSchema":"1a1c01bbd47fc00a2c39e90264f33305004495a9","hash":"df72d53ddd42280f08161e98a7f171f013ca4af6"}
,"/Volumes/Fariz/bootcamp/DIETIV8/SERVER/controllers/FitnesController.js": {"path":"/Volumes/Fariz/bootcamp/DIETIV8/SERVER/controllers/FitnesController.js","statementMap":{"0":{"start":{"line":1,"column":15},"end":{"line":1,"column":43}},"1":{"start":{"line":2,"column":17},"end":{"line":2,"column":43}},"2":{"start":{"line":6,"column":4},"end":{"line":39,"column":5}},"3":{"start":{"line":7,"column":21},"end":{"line":7,"column":29}},"4":{"start":{"line":8,"column":23},"end":{"line":8,"column":46}},"5":{"start":{"line":9,"column":20},"end":{"line":9,"column":36}},"6":{"start":{"line":11,"column":18},"end":{"line":11,"column":44}},"7":{"start":{"line":12,"column":22},"end":{"line":24,"column":7}},"8":{"start":{"line":26,"column":21},"end":{"line":26,"column":49}},"9":{"start":{"line":27,"column":23},"end":{"line":27,"column":32}},"10":{"start":{"line":28,"column":23},"end":{"line":28,"column":60}},"11":{"start":{"line":29,"column":21},"end":{"line":29,"column":40}},"12":{"start":{"line":30,"column":21},"end":{"line":30,"column":40}},"13":{"start":{"line":31,"column":21},"end":{"line":35,"column":7}},"14":{"start":{"line":36,"column":6},"end":{"line":36,"column":34}},"15":{"start":{"line":38,"column":6},"end":{"line":38,"column":18}},"16":{"start":{"line":43,"column":0},"end":{"line":43,"column":34}}},"fnMap":{"0":{"name":"(anonymous_0)","decl":{"start":{"line":5,"column":2},"end":{"line":5,"column":3}},"loc":{"start":{"line":5,"column":38},"end":{"line":40,"column":3}},"line":5}},"branchMap":{},"s":{"0":5,"1":5,"2":1,"3":1,"4":1,"5":1,"6":1,"7":1,"8":1,"9":1,"10":1,"11":1,"12":1,"13":1,"14":1,"15":0,"16":5},"f":{"0":1},"b":{},"_coverageSchema":"1a1c01bbd47fc00a2c39e90264f33305004495a9","hash":"0def979b4b3d46ce02554520458f2b765711f205"}
,"/Volumes/Fariz/bootcamp/DIETIV8/SERVER/controllers/FoodController.js": {"path":"/Volumes/Fariz/bootcamp/DIETIV8/SERVER/controllers/FoodController.js","statementMap":{"0":{"start":{"line":1,"column":48},"end":{"line":1,"column":68}},"1":{"start":{"line":2,"column":15},"end":{"line":2,"column":35}},"2":{"start":{"line":3,"column":25},"end":{"line":3,"column":67}},"3":{"start":{"line":8,"column":4},"end":{"line":22,"column":5}},"4":{"start":{"line":9,"column":19},"end":{"line":9,"column":21}},"5":{"start":{"line":10,"column":23},"end":{"line":10,"column":32}},"6":{"start":{"line":11,"column":6},"end":{"line":13,"column":7}},"7":{"start":{"line":12,"column":8},"end":{"line":12,"column":59}},"8":{"start":{"line":14,"column":6},"end":{"line":14,"column":38}},"9":{"start":{"line":15,"column":20},"end":{"line":15,"column":46}},"10":{"start":{"line":19,"column":6},"end":{"line":19,"column":33}},"11":{"start":{"line":21,"column":6},"end":{"line":21,"column":17}},"12":{"start":{"line":26,"column":14},"end":{"line":26,"column":43}},"13":{"start":{"line":27,"column":4},"end":{"line":57,"column":5}},"14":{"start":{"line":28,"column":28},"end":{"line":28,"column":38}},"15":{"start":{"line":30,"column":23},"end":{"line":30,"column":31}},"16":{"start":{"line":31,"column":6},"end":{"line":33,"column":7}},"17":{"start":{"line":32,"column":8},"end":{"line":32,"column":31}},"18":{"start":{"line":34,"column":28},"end":{"line":34,"column":61}},"19":{"start":{"line":36,"column":6},"end":{"line":38,"column":7}},"20":{"start":{"line":37,"column":6},"end":{"line":37,"column":37}},"21":{"start":{"line":40,"column":22},"end":{"line":42,"column":8}},"22":{"start":{"line":43,"column":6},"end":{"line":47,"column":7}},"23":{"start":{"line":44,"column":57},"end":{"line":44,"column":98}},"24":{"start":{"line":45,"column":8},"end":{"line":45,"column":72}},"25":{"start":{"line":45,"column":20},"end":{"line":45,"column":72}},"26":{"start":{"line":46,"column":8},"end":{"line":46,"column":72}},"27":{"start":{"line":48,"column":24},"end":{"line":48,"column":69}},"28":{"start":{"line":49,"column":19},"end":{"line":49,"column":59}},"29":{"start":{"line":50,"column":4},"end":{"line":50,"column":79}},"30":{"start":{"line":51,"column":4},"end":{"line":51,"column":91}},"31":{"start":{"line":52,"column":4},"end":{"line":52,"column":20}},"32":{"start":{"line":53,"column":4},"end":{"line":53,"column":60}},"33":{"start":{"line":55,"column":6},"end":{"line":55,"column":24}},"34":{"start":{"line":56,"column":6},"end":{"line":56,"column":17}},"35":{"start":{"line":61,"column":0},"end":{"line":61,"column":32}}},"fnMap":{"0":{"name":"(anonymous_0)","decl":{"start":{"line":7,"column":2},"end":{"line":7,"column":3}},"loc":{"start":{"line":7,"column":43},"end":{"line":23,"column":3}},"line":7},"1":{"name":"(anonymous_1)","decl":{"start":{"line":25,"column":2},"end":{"line":25,"column":3}},"loc":{"start":{"line":25,"column":41},"end":{"line":58,"column":3}},"line":25}},"branchMap":{"0":{"loc":{"start":{"line":11,"column":6},"end":{"line":13,"column":7}},"type":"if","locations":[{"start":{"line":11,"column":6},"end":{"line":13,"column":7}},{"start":{},"end":{}}],"line":11},"1":{"loc":{"start":{"line":31,"column":6},"end":{"line":33,"column":7}},"type":"if","locations":[{"start":{"line":31,"column":6},"end":{"line":33,"column":7}},{"start":{},"end":{}}],"line":31},"2":{"loc":{"start":{"line":36,"column":6},"end":{"line":38,"column":7}},"type":"if","locations":[{"start":{"line":36,"column":6},"end":{"line":38,"column":7}},{"start":{},"end":{}}],"line":36},"3":{"loc":{"start":{"line":43,"column":6},"end":{"line":47,"column":7}},"type":"if","locations":[{"start":{"line":43,"column":6},"end":{"line":47,"column":7}},{"start":{},"end":{}}],"line":43},"4":{"loc":{"start":{"line":45,"column":8},"end":{"line":45,"column":72}},"type":"if","locations":[{"start":{"line":45,"column":8},"end":{"line":45,"column":72}},{"start":{},"end":{}}],"line":45}},"s":{"0":5,"1":5,"2":5,"3":2,"4":2,"5":2,"6":2,"7":1,"8":2,"9":2,"10":2,"11":0,"12":4,"13":4,"14":4,"15":4,"16":4,"17":1,"18":3,"19":3,"20":1,"21":2,"22":2,"23":2,"24":2,"25":0,"26":2,"27":2,"28":2,"29":2,"30":2,"31":2,"32":2,"33":2,"34":2,"35":5},"f":{"0":2,"1":4},"b":{"0":[1,1],"1":[1,3],"2":[1,2],"3":[2,0],"4":[0,2]},"_coverageSchema":"1a1c01bbd47fc00a2c39e90264f33305004495a9","hash":"187ed00381ec1c799053adc66dd84f3773240ea3"}
,"/Volumes/Fariz/bootcamp/DIETIV8/SERVER/controllers/HistoryController.js": {"path":"/Volumes/Fariz/bootcamp/DIETIV8/SERVER/controllers/HistoryController.js","statementMap":{"0":{"start":{"line":1,"column":43},"end":{"line":1,"column":69}},"1":{"start":{"line":2,"column":23},"end":{"line":2,"column":59}},"2":{"start":{"line":30,"column":4},"end":{"line":49,"column":5}},"3":{"start":{"line":31,"column":21},"end":{"line":31,"column":32}},"4":{"start":{"line":32,"column":27},"end":{"line":32,"column":48}},"5":{"start":{"line":33,"column":26},"end":{"line":33,"column":42}},"6":{"start":{"line":34,"column":33},"end":{"line":44,"column":8}},"7":{"start":{"line":45,"column":8},"end":{"line":45,"column":38}},"8":{"start":{"line":48,"column":6},"end":{"line":48,"column":18}},"9":{"start":{"line":53,"column":0},"end":{"line":53,"column":35}}},"fnMap":{"0":{"name":"(anonymous_0)","decl":{"start":{"line":29,"column":2},"end":{"line":29,"column":3}},"loc":{"start":{"line":29,"column":43},"end":{"line":50,"column":3}},"line":29}},"branchMap":{},"s":{"0":5,"1":5,"2":2,"3":2,"4":2,"5":2,"6":2,"7":2,"8":0,"9":5},"f":{"0":2},"b":{},"_coverageSchema":"1a1c01bbd47fc00a2c39e90264f33305004495a9","hash":"e030683b3c1b84e27bae62afd4d72a03728795db"}
,"/Volumes/Fariz/bootcamp/DIETIV8/SERVER/controllers/MenuController.js": {"path":"/Volumes/Fariz/bootcamp/DIETIV8/SERVER/controllers/MenuController.js","statementMap":{"0":{"start":{"line":1,"column":54},"end":{"line":1,"column":80}},"1":{"start":{"line":2,"column":15},"end":{"line":2,"column":35}},"2":{"start":{"line":6,"column":4},"end":{"line":16,"column":5}},"3":{"start":{"line":7,"column":28},"end":{"line":7,"column":38}},"4":{"start":{"line":8,"column":6},"end":{"line":10,"column":7}},"5":{"start":{"line":9,"column":8},"end":{"line":9,"column":44}},"6":{"start":{"line":11,"column":25},"end":{"line":11,"column":69}},"7":{"start":{"line":12,"column":6},"end":{"line":12,"column":56}},"8":{"start":{"line":12,"column":23},"end":{"line":12,"column":56}},"9":{"start":{"line":13,"column":6},"end":{"line":13,"column":39}},"10":{"start":{"line":15,"column":6},"end":{"line":15,"column":18}},"11":{"start":{"line":20,"column":4},"end":{"line":34,"column":5}},"12":{"start":{"line":21,"column":28},"end":{"line":21,"column":38}},"13":{"start":{"line":22,"column":22},"end":{"line":22,"column":30}},"14":{"start":{"line":23,"column":22},"end":{"line":30,"column":8}},"15":{"start":{"line":31,"column":6},"end":{"line":31,"column":36}},"16":{"start":{"line":33,"column":6},"end":{"line":33,"column":18}},"17":{"start":{"line":38,"column":14},"end":{"line":38,"column":43}},"18":{"start":{"line":39,"column":4},"end":{"line":79,"column":5}},"19":{"start":{"line":40,"column":28},"end":{"line":40,"column":38}},"20":{"start":{"line":41,"column":37},"end":{"line":41,"column":45}},"21":{"start":{"line":42,"column":6},"end":{"line":42,"column":31}},"22":{"start":{"line":43,"column":6},"end":{"line":45,"column":7}},"23":{"start":{"line":44,"column":8},"end":{"line":44,"column":39}},"24":{"start":{"line":46,"column":6},"end":{"line":48,"column":7}},"25":{"start":{"line":47,"column":8},"end":{"line":47,"column":37}},"26":{"start":{"line":49,"column":24},"end":{"line":49,"column":39}},"27":{"start":{"line":50,"column":28},"end":{"line":50,"column":61}},"28":{"start":{"line":51,"column":26},"end":{"line":51,"column":61}},"29":{"start":{"line":52,"column":21},"end":{"line":52,"column":61}},"30":{"start":{"line":53,"column":6},"end":{"line":57,"column":8}},"31":{"start":{"line":58,"column":6},"end":{"line":62,"column":8}},"32":{"start":{"line":63,"column":25},"end":{"line":72,"column":7}},"33":{"start":{"line":73,"column":6},"end":{"line":73,"column":85}},"34":{"start":{"line":74,"column":6},"end":{"line":74,"column":23}},"35":{"start":{"line":75,"column":6},"end":{"line":75,"column":65}},"36":{"start":{"line":77,"column":6},"end":{"line":77,"column":25}},"37":{"start":{"line":78,"column":6},"end":{"line":78,"column":18}},"38":{"start":{"line":83,"column":0},"end":{"line":83,"column":32}}},"fnMap":{"0":{"name":"(anonymous_0)","decl":{"start":{"line":5,"column":2},"end":{"line":5,"column":3}},"loc":{"start":{"line":5,"column":39},"end":{"line":17,"column":3}},"line":5},"1":{"name":"(anonymous_1)","decl":{"start":{"line":19,"column":2},"end":{"line":19,"column":3}},"loc":{"start":{"line":19,"column":42},"end":{"line":35,"column":3}},"line":19},"2":{"name":"(anonymous_2)","decl":{"start":{"line":37,"column":2},"end":{"line":37,"column":3}},"loc":{"start":{"line":37,"column":39},"end":{"line":80,"column":3}},"line":37}},"branchMap":{"0":{"loc":{"start":{"line":8,"column":6},"end":{"line":10,"column":7}},"type":"if","locations":[{"start":{"line":8,"column":6},"end":{"line":10,"column":7}},{"start":{},"end":{}}],"line":8},"1":{"loc":{"start":{"line":12,"column":6},"end":{"line":12,"column":56}},"type":"if","locations":[{"start":{"line":12,"column":6},"end":{"line":12,"column":56}},{"start":{},"end":{}}],"line":12},"2":{"loc":{"start":{"line":43,"column":6},"end":{"line":45,"column":7}},"type":"if","locations":[{"start":{"line":43,"column":6},"end":{"line":45,"column":7}},{"start":{},"end":{}}],"line":43},"3":{"loc":{"start":{"line":46,"column":6},"end":{"line":48,"column":7}},"type":"if","locations":[{"start":{"line":46,"column":6},"end":{"line":48,"column":7}},{"start":{},"end":{}}],"line":46}},"s":{"0":5,"1":5,"2":2,"3":2,"4":2,"5":2,"6":0,"7":0,"8":0,"9":0,"10":2,"11":1,"12":1,"13":1,"14":1,"15":1,"16":0,"17":3,"18":3,"19":3,"20":3,"21":3,"22":3,"23":1,"24":2,"25":1,"26":1,"27":1,"28":1,"29":1,"30":1,"31":1,"32":1,"33":1,"34":1,"35":1,"36":2,"37":2,"38":5},"f":{"0":2,"1":1,"2":3},"b":{"0":[2,0],"1":[0,0],"2":[1,2],"3":[1,1]},"_coverageSchema":"1a1c01bbd47fc00a2c39e90264f33305004495a9","hash":"7e8e064a346961f8b5a950345daf5027cbde2a51"}
,"/Volumes/Fariz/bootcamp/DIETIV8/SERVER/controllers/OpenAiController.js": {"path":"/Volumes/Fariz/bootcamp/DIETIV8/SERVER/controllers/OpenAiController.js","statementMap":{"0":{"start":{"line":1,"column":14},"end":{"line":1,"column":47}},"1":{"start":{"line":4,"column":4},"end":{"line":17,"column":5}},"2":{"start":{"line":5,"column":38},"end":{"line":5,"column":46}},"3":{"start":{"line":8,"column":21},"end":{"line":8,"column":91}},"4":{"start":{"line":9,"column":6},"end":{"line":9,"column":57}},"5":{"start":{"line":9,"column":17},"end":{"line":9,"column":57}},"6":{"start":{"line":10,"column":22},"end":{"line":10,"column":43}},"7":{"start":{"line":14,"column":6},"end":{"line":14,"column":36}},"8":{"start":{"line":16,"column":6},"end":{"line":16,"column":18}},"9":{"start":{"line":21,"column":4},"end":{"line":33,"column":5}},"10":{"start":{"line":23,"column":32},"end":{"line":26,"column":7}},"11":{"start":{"line":30,"column":6},"end":{"line":30,"column":31}},"12":{"start":{"line":32,"column":6},"end":{"line":32,"column":18}},"13":{"start":{"line":37,"column":0},"end":{"line":37,"column":34}}},"fnMap":{"0":{"name":"(anonymous_0)","decl":{"start":{"line":3,"column":2},"end":{"line":3,"column":3}},"loc":{"start":{"line":3,"column":39},"end":{"line":18,"column":3}},"line":3},"1":{"name":"(anonymous_1)","decl":{"start":{"line":20,"column":2},"end":{"line":20,"column":3}},"loc":{"start":{"line":20,"column":34},"end":{"line":34,"column":3}},"line":20}},"branchMap":{"0":{"loc":{"start":{"line":9,"column":6},"end":{"line":9,"column":57}},"type":"if","locations":[{"start":{"line":9,"column":6},"end":{"line":9,"column":57}},{"start":{},"end":{}}],"line":9}},"s":{"0":5,"1":1,"2":1,"3":1,"4":1,"5":0,"6":1,"7":1,"8":0,"9":2,"10":2,"11":2,"12":0,"13":5},"f":{"0":1,"1":2},"b":{"0":[0,1]},"_coverageSchema":"1a1c01bbd47fc00a2c39e90264f33305004495a9","hash":"2e577626c336d31c68633aff9252e4dc22e88d45"}
,"/Volumes/Fariz/bootcamp/DIETIV8/SERVER/controllers/UserController.js": {"path":"/Volumes/Fariz/bootcamp/DIETIV8/SERVER/controllers/UserController.js","statementMap":{"0":{"start":{"line":1,"column":15},"end":{"line":1,"column":34}},"1":{"start":{"line":2,"column":21},"end":{"line":2,"column":54}},"2":{"start":{"line":3,"column":17},"end":{"line":3,"column":37}},"3":{"start":{"line":4,"column":37},"end":{"line":4,"column":62}},"4":{"start":{"line":5,"column":14},"end":{"line":5,"column":30}},"5":{"start":{"line":6,"column":15},"end":{"line":6,"column":43}},"6":{"start":{"line":9,"column":4},"end":{"line":48,"column":5}},"7":{"start":{"line":21,"column":10},"end":{"line":21,"column":18}},"8":{"start":{"line":22,"column":28},"end":{"line":22,"column":72}},"9":{"start":{"line":23,"column":17},"end":{"line":35,"column":8}},"10":{"start":{"line":36,"column":6},"end":{"line":45,"column":9}},"11":{"start":{"line":47,"column":6},"end":{"line":47,"column":16}},"12":{"start":{"line":52,"column":4},"end":{"line":83,"column":5}},"13":{"start":{"line":53,"column":34},"end":{"line":53,"column":42}},"14":{"start":{"line":54,"column":6},"end":{"line":56,"column":7}},"15":{"start":{"line":55,"column":8},"end":{"line":55,"column":45}},"16":{"start":{"line":57,"column":17},"end":{"line":57,"column":57}},"17":{"start":{"line":58,"column":6},"end":{"line":60,"column":7}},"18":{"start":{"line":59,"column":8},"end":{"line":59,"column":49}},"19":{"start":{"line":61,"column":22},"end":{"line":61,"column":65}},"20":{"start":{"line":62,"column":6},"end":{"line":64,"column":7}},"21":{"start":{"line":63,"column":8},"end":{"line":63,"column":49}},"22":{"start":{"line":66,"column":22},"end":{"line":78,"column":7}},"23":{"start":{"line":79,"column":20},"end":{"line":79,"column":60}},"24":{"start":{"line":80,"column":6},"end":{"line":80,"column":59}},"25":{"start":{"line":82,"column":6},"end":{"line":82,"column":18}},"26":{"start":{"line":87,"column":15},"end":{"line":87,"column":26}},"27":{"start":{"line":88,"column":4},"end":{"line":97,"column":5}},"28":{"start":{"line":89,"column":17},"end":{"line":89,"column":40}},"29":{"start":{"line":90,"column":6},"end":{"line":92,"column":7}},"30":{"start":{"line":91,"column":6},"end":{"line":91,"column":29}},"31":{"start":{"line":93,"column":6},"end":{"line":93,"column":26}},"32":{"start":{"line":94,"column":6},"end":{"line":94,"column":40}},"33":{"start":{"line":96,"column":6},"end":{"line":96,"column":16}},"34":{"start":{"line":100,"column":15},"end":{"line":100,"column":26}},"35":{"start":{"line":101,"column":4},"end":{"line":145,"column":5}},"36":{"start":{"line":113,"column":10},"end":{"line":113,"column":18}},"37":{"start":{"line":114,"column":28},"end":{"line":114,"column":72}},"38":{"start":{"line":115,"column":17},"end":{"line":127,"column":21}},"39":{"start":{"line":128,"column":24},"end":{"line":140,"column":7}},"40":{"start":{"line":141,"column":20},"end":{"line":141,"column":60}},"41":{"start":{"line":142,"column":6},"end":{"line":142,"column":59}},"42":{"start":{"line":144,"column":6},"end":{"line":144,"column":16}},"43":{"start":{"line":149,"column":0},"end":{"line":149,"column":32}}},"fnMap":{"0":{"name":"(anonymous_0)","decl":{"start":{"line":8,"column":2},"end":{"line":8,"column":3}},"loc":{"start":{"line":8,"column":40},"end":{"line":49,"column":3}},"line":8},"1":{"name":"(anonymous_1)","decl":{"start":{"line":51,"column":2},"end":{"line":51,"column":3}},"loc":{"start":{"line":51,"column":37},"end":{"line":84,"column":3}},"line":51},"2":{"name":"(anonymous_2)","decl":{"start":{"line":86,"column":3},"end":{"line":86,"column":4}},"loc":{"start":{"line":86,"column":45},"end":{"line":98,"column":3}},"line":86},"3":{"name":"(anonymous_3)","decl":{"start":{"line":99,"column":3},"end":{"line":99,"column":4}},"loc":{"start":{"line":99,"column":39},"end":{"line":146,"column":3}},"line":99}},"branchMap":{"0":{"loc":{"start":{"line":54,"column":6},"end":{"line":56,"column":7}},"type":"if","locations":[{"start":{"line":54,"column":6},"end":{"line":56,"column":7}},{"start":{},"end":{}}],"line":54},"1":{"loc":{"start":{"line":54,"column":10},"end":{"line":54,"column":29}},"type":"binary-expr","locations":[{"start":{"line":54,"column":10},"end":{"line":54,"column":16}},{"start":{"line":54,"column":20},"end":{"line":54,"column":29}}],"line":54},"2":{"loc":{"start":{"line":58,"column":6},"end":{"line":60,"column":7}},"type":"if","locations":[{"start":{"line":58,"column":6},"end":{"line":60,"column":7}},{"start":{},"end":{}}],"line":58},"3":{"loc":{"start":{"line":62,"column":6},"end":{"line":64,"column":7}},"type":"if","locations":[{"start":{"line":62,"column":6},"end":{"line":64,"column":7}},{"start":{},"end":{}}],"line":62},"4":{"loc":{"start":{"line":90,"column":6},"end":{"line":92,"column":7}},"type":"if","locations":[{"start":{"line":90,"column":6},"end":{"line":92,"column":7}},{"start":{},"end":{}}],"line":90}},"s":{"0":5,"1":5,"2":5,"3":5,"4":5,"5":5,"6":18,"7":18,"8":18,"9":18,"10":1,"11":17,"12":3,"13":3,"14":3,"15":0,"16":3,"17":3,"18":2,"19":1,"20":1,"21":0,"22":1,"23":1,"24":1,"25":2,"26":1,"27":1,"28":1,"29":1,"30":0,"31":1,"32":1,"33":0,"34":9,"35":9,"36":9,"37":9,"38":9,"39":1,"40":1,"41":1,"42":8,"43":5},"f":{"0":18,"1":3,"2":1,"3":9},"b":{"0":[0,3],"1":[3,3],"2":[2,1],"3":[0,1],"4":[0,1]},"_coverageSchema":"1a1c01bbd47fc00a2c39e90264f33305004495a9","hash":"28590ed5f34fca9376f3f0c6023394999a21333f"}
,"/Volumes/Fariz/bootcamp/DIETIV8/SERVER/helpers/caloryLimit.js": {"path":"/Volumes/Fariz/bootcamp/DIETIV8/SERVER/helpers/caloryLimit.js","statementMap":{"0":{"start":{"line":1,"column":14},"end":{"line":1,"column":30}},"1":{"start":{"line":4,"column":12},"end":{"line":4,"column":36}},"2":{"start":{"line":5,"column":19},"end":{"line":5,"column":45}},"3":{"start":{"line":6,"column":15},"end":{"line":6,"column":35}},"4":{"start":{"line":7,"column":13},"end":{"line":7,"column":36}},"5":{"start":{"line":8,"column":12},"end":{"line":8,"column":33}},"6":{"start":{"line":10,"column":22},"end":{"line":10,"column":51}},"7":{"start":{"line":12,"column":18},"end":{"line":26,"column":3}},"8":{"start":{"line":27,"column":2},"end":{"line":35,"column":3}},"9":{"start":{"line":28,"column":21},"end":{"line":28,"column":41}},"10":{"start":{"line":29,"column":23},"end":{"line":29,"column":48}},"11":{"start":{"line":31,"column":4},"end":{"line":31,"column":24}},"12":{"start":{"line":33,"column":4},"end":{"line":33,"column":23}},"13":{"start":{"line":34,"column":4},"end":{"line":34,"column":16}},"14":{"start":{"line":37,"column":0},"end":{"line":37,"column":29}}},"fnMap":{"0":{"name":"setCaloryLimit","decl":{"start":{"line":3,"column":15},"end":{"line":3,"column":29}},"loc":{"start":{"line":3,"column":51},"end":{"line":36,"column":1}},"line":3}},"branchMap":{},"s":{"0":5,"1":28,"2":28,"3":28,"4":28,"5":28,"6":28,"7":28,"8":28,"9":28,"10":13,"11":13,"12":15,"13":15,"14":5},"f":{"0":28},"b":{},"_coverageSchema":"1a1c01bbd47fc00a2c39e90264f33305004495a9","hash":"6e4ac5c1f06c35fd597c3cb414eeafb14e8ad1d6"}
,"/Volumes/Fariz/bootcamp/DIETIV8/SERVER/helpers/getAge.js": {"path":"/Volumes/Fariz/bootcamp/DIETIV8/SERVER/helpers/getAge.js","statementMap":{"0":{"start":{"line":2,"column":14},"end":{"line":2,"column":24}},"1":{"start":{"line":3,"column":2},"end":{"line":3,"column":67}},"2":{"start":{"line":3,"column":36},"end":{"line":3,"column":67}},"3":{"start":{"line":4,"column":12},"end":{"line":4,"column":57}},"4":{"start":{"line":5,"column":10},"end":{"line":5,"column":49}},"5":{"start":{"line":9,"column":2},"end":{"line":9,"column":13}},"6":{"start":{"line":18,"column":0},"end":{"line":18,"column":24}}},"fnMap":{"0":{"name":"getAge","decl":{"start":{"line":1,"column":9},"end":{"line":1,"column":15}},"loc":{"start":{"line":1,"column":27},"end":{"line":16,"column":1}},"line":1}},"branchMap":{"0":{"loc":{"start":{"line":3,"column":2},"end":{"line":3,"column":67}},"type":"if","locations":[{"start":{"line":3,"column":2},"end":{"line":3,"column":67}},{"start":{},"end":{}}],"line":3}},"s":{"0":1,"1":1,"2":0,"3":1,"4":1,"5":1,"6":5},"f":{"0":1},"b":{"0":[0,1]},"_coverageSchema":"1a1c01bbd47fc00a2c39e90264f33305004495a9","hash":"4ac661b28d1acb45697a21d7017c8f21bd012a76"}
,"/Volumes/Fariz/bootcamp/DIETIV8/SERVER/helpers/getCurrentDate.js": {"path":"/Volumes/Fariz/bootcamp/DIETIV8/SERVER/helpers/getCurrentDate.js","statementMap":{"0":{"start":{"line":2,"column":26},"end":{"line":2,"column":57}},"1":{"start":{"line":3,"column":24},"end":{"line":3,"column":47}},"2":{"start":{"line":4,"column":4},"end":{"line":4,"column":22}},"3":{"start":{"line":6,"column":0},"end":{"line":6,"column":31}}},"fnMap":{"0":{"name":"getCurrentDate","decl":{"start":{"line":1,"column":9},"end":{"line":1,"column":23}},"loc":{"start":{"line":1,"column":26},"end":{"line":5,"column":1}},"line":1}},"branchMap":{},"s":{"0":2,"1":2,"2":2,"3":5},"f":{"0":2},"b":{},"_coverageSchema":"1a1c01bbd47fc00a2c39e90264f33305004495a9","hash":"1289f6df8eff5adce2d4d489b53456157934a1a6"}
,"/Volumes/Fariz/bootcamp/DIETIV8/SERVER/helpers/jwt.js": {"path":"/Volumes/Fariz/bootcamp/DIETIV8/SERVER/helpers/jwt.js","statementMap":{"0":{"start":{"line":1,"column":12},"end":{"line":1,"column":35}},"1":{"start":{"line":2,"column":0},"end":{"line":2,"column":27}},"2":{"start":{"line":4,"column":15},"end":{"line":4,"column":33}},"3":{"start":{"line":7,"column":2},"end":{"line":7,"column":35}},"4":{"start":{"line":10,"column":2},"end":{"line":10,"column":35}},"5":{"start":{"line":13,"column":0},"end":{"line":13,"column":46}}},"fnMap":{"0":{"name":"createToken","decl":{"start":{"line":5,"column":9},"end":{"line":5,"column":20}},"loc":{"start":{"line":5,"column":30},"end":{"line":8,"column":1}},"line":5},"1":{"name":"verifyToken","decl":{"start":{"line":9,"column":9},"end":{"line":9,"column":20}},"loc":{"start":{"line":9,"column":28},"end":{"line":11,"column":1}},"line":9}},"branchMap":{},"s":{"0":5,"1":5,"2":5,"3":7,"4":37,"5":5},"f":{"0":7,"1":37},"b":{},"_coverageSchema":"1a1c01bbd47fc00a2c39e90264f33305004495a9","hash":"f8d84af9116421c6df518e7a1b4906d02707fe2e"}
,"/Volumes/Fariz/bootcamp/DIETIV8/SERVER/middlewares/authentication.js": {"path":"/Volumes/Fariz/bootcamp/DIETIV8/SERVER/middlewares/authentication.js","statementMap":{"0":{"start":{"line":1,"column":24},"end":{"line":1,"column":49}},"1":{"start":{"line":2,"column":17},"end":{"line":2,"column":37}},"2":{"start":{"line":4,"column":2},"end":{"line":29,"column":3}},"3":{"start":{"line":5,"column":29},"end":{"line":5,"column":40}},"4":{"start":{"line":6,"column":4},"end":{"line":8,"column":5}},"5":{"start":{"line":7,"column":6},"end":{"line":7,"column":40}},"6":{"start":{"line":9,"column":20},"end":{"line":9,"column":45}},"7":{"start":{"line":10,"column":17},"end":{"line":10,"column":48}},"8":{"start":{"line":15,"column":4},"end":{"line":24,"column":6}},"9":{"start":{"line":25,"column":4},"end":{"line":25,"column":11}},"10":{"start":{"line":27,"column":4},"end":{"line":27,"column":23}},"11":{"start":{"line":28,"column":4},"end":{"line":28,"column":16}},"12":{"start":{"line":32,"column":0},"end":{"line":32,"column":36}}},"fnMap":{"0":{"name":"authentication","decl":{"start":{"line":3,"column":15},"end":{"line":3,"column":29}},"loc":{"start":{"line":3,"column":46},"end":{"line":30,"column":1}},"line":3}},"branchMap":{"0":{"loc":{"start":{"line":6,"column":4},"end":{"line":8,"column":5}},"type":"if","locations":[{"start":{"line":6,"column":4},"end":{"line":8,"column":5}},{"start":{},"end":{}}],"line":6}},"s":{"0":5,"1":5,"2":40,"3":40,"4":40,"5":3,"6":37,"7":31,"8":31,"9":31,"10":9,"11":9,"12":5},"f":{"0":40},"b":{"0":[3,37]},"_coverageSchema":"1a1c01bbd47fc00a2c39e90264f33305004495a9","hash":"f516b89fe3d856e01047d9d84e25faf343ebe00a"}
,"/Volumes/Fariz/bootcamp/DIETIV8/SERVER/middlewares/authenticationMenu.js": {"path":"/Volumes/Fariz/bootcamp/DIETIV8/SERVER/middlewares/authenticationMenu.js","statementMap":{"0":{"start":{"line":1,"column":26},"end":{"line":1,"column":52}},"1":{"start":{"line":4,"column":4},"end":{"line":13,"column":5}},"2":{"start":{"line":5,"column":23},"end":{"line":5,"column":34}},"3":{"start":{"line":6,"column":30},"end":{"line":6,"column":40}},"4":{"start":{"line":7,"column":30},"end":{"line":7,"column":77}},"5":{"start":{"line":8,"column":8},"end":{"line":8,"column":61}},"6":{"start":{"line":8,"column":27},"end":{"line":8,"column":61}},"7":{"start":{"line":9,"column":8},"end":{"line":9,"column":70}},"8":{"start":{"line":9,"column":44},"end":{"line":9,"column":70}},"9":{"start":{"line":10,"column":8},"end":{"line":10,"column":14}},"10":{"start":{"line":12,"column":8},"end":{"line":12,"column":19}},"11":{"start":{"line":16,"column":0},"end":{"line":16,"column":26}}},"fnMap":{"0":{"name":"validMenu","decl":{"start":{"line":3,"column":15},"end":{"line":3,"column":24}},"loc":{"start":{"line":3,"column":41},"end":{"line":14,"column":1}},"line":3}},"branchMap":{"0":{"loc":{"start":{"line":8,"column":8},"end":{"line":8,"column":61}},"type":"if","locations":[{"start":{"line":8,"column":8},"end":{"line":8,"column":61}},{"start":{},"end":{}}],"line":8},"1":{"loc":{"start":{"line":9,"column":8},"end":{"line":9,"column":70}},"type":"if","locations":[{"start":{"line":9,"column":8},"end":{"line":9,"column":70}},{"start":{},"end":{}}],"line":9}},"s":{"0":5,"1":8,"2":8,"3":8,"4":8,"5":8,"6":2,"7":6,"8":0,"9":6,"10":2,"11":5},"f":{"0":8},"b":{"0":[2,6],"1":[0,6]},"_coverageSchema":"1a1c01bbd47fc00a2c39e90264f33305004495a9","hash":"51374f37369cd2ba438cfe662645e0a6eb62e506"}
,"/Volumes/Fariz/bootcamp/DIETIV8/SERVER/middlewares/errorHandler.js": {"path":"/Volumes/Fariz/bootcamp/DIETIV8/SERVER/middlewares/errorHandler.js","statementMap":{"0":{"start":{"line":2,"column":15},"end":{"line":2,"column":18}},"1":{"start":{"line":3,"column":16},"end":{"line":3,"column":39}},"2":{"start":{"line":5,"column":2},"end":{"line":59,"column":3}},"3":{"start":{"line":6,"column":4},"end":{"line":6,"column":17}},"4":{"start":{"line":7,"column":4},"end":{"line":7,"column":30}},"5":{"start":{"line":8,"column":9},"end":{"line":59,"column":3}},"6":{"start":{"line":9,"column":4},"end":{"line":9,"column":17}},"7":{"start":{"line":10,"column":4},"end":{"line":10,"column":37}},"8":{"start":{"line":11,"column":9},"end":{"line":59,"column":3}},"9":{"start":{"line":12,"column":4},"end":{"line":12,"column":17}},"10":{"start":{"line":13,"column":4},"end":{"line":13,"column":43}},"11":{"start":{"line":14,"column":9},"end":{"line":59,"column":3}},"12":{"start":{"line":15,"column":4},"end":{"line":15,"column":17}},"13":{"start":{"line":16,"column":4},"end":{"line":16,"column":36}},"14":{"start":{"line":17,"column":9},"end":{"line":59,"column":3}},"15":{"start":{"line":18,"column":4},"end":{"line":18,"column":17}},"16":{"start":{"line":19,"column":4},"end":{"line":19,"column":34}},"17":{"start":{"line":20,"column":9},"end":{"line":59,"column":3}},"18":{"start":{"line":21,"column":4},"end":{"line":21,"column":17}},"19":{"start":{"line":22,"column":4},"end":{"line":22,"column":48}},"20":{"start":{"line":28,"column":7},"end":{"line":59,"column":3}},"21":{"start":{"line":29,"column":4},"end":{"line":29,"column":17}},"22":{"start":{"line":30,"column":4},"end":{"line":30,"column":26}},"23":{"start":{"line":31,"column":9},"end":{"line":59,"column":3}},"24":{"start":{"line":32,"column":4},"end":{"line":32,"column":17}},"25":{"start":{"line":33,"column":4},"end":{"line":33,"column":36}},"26":{"start":{"line":34,"column":9},"end":{"line":59,"column":3}},"27":{"start":{"line":35,"column":4},"end":{"line":35,"column":17}},"28":{"start":{"line":36,"column":4},"end":{"line":36,"column":60}},"29":{"start":{"line":37,"column":9},"end":{"line":59,"column":3}},"30":{"start":{"line":38,"column":4},"end":{"line":38,"column":17}},"31":{"start":{"line":39,"column":4},"end":{"line":39,"column":37}},"32":{"start":{"line":40,"column":9},"end":{"line":59,"column":3}},"33":{"start":{"line":41,"column":4},"end":{"line":41,"column":17}},"34":{"start":{"line":42,"column":4},"end":{"line":42,"column":26}},"35":{"start":{"line":56,"column":7},"end":{"line":59,"column":3}},"36":{"start":{"line":57,"column":4},"end":{"line":57,"column":17}},"37":{"start":{"line":58,"column":4},"end":{"line":58,"column":33}},"38":{"start":{"line":60,"column":2},"end":{"line":60,"column":39}},"39":{"start":{"line":62,"column":0},"end":{"line":62,"column":30}}},"fnMap":{"0":{"name":"errorHandler","decl":{"start":{"line":1,"column":9},"end":{"line":1,"column":21}},"loc":{"start":{"line":1,"column":43},"end":{"line":61,"column":1}},"line":1}},"branchMap":{"0":{"loc":{"start":{"line":5,"column":2},"end":{"line":59,"column":3}},"type":"if","locations":[{"start":{"line":5,"column":2},"end":{"line":59,"column":3}},{"start":{"line":8,"column":9},"end":{"line":59,"column":3}}],"line":5},"1":{"loc":{"start":{"line":5,"column":6},"end":{"line":5,"column":72}},"type":"binary-expr","locations":[{"start":{"line":5,"column":6},"end":{"line":5,"column":36}},{"start":{"line":5,"column":40},"end":{"line":5,"column":72}}],"line":5},"2":{"loc":{"start":{"line":8,"column":9},"end":{"line":59,"column":3}},"type":"if","locations":[{"start":{"line":8,"column":9},"end":{"line":59,"column":3}},{"start":{"line":11,"column":9},"end":{"line":59,"column":3}}],"line":8},"3":{"loc":{"start":{"line":11,"column":9},"end":{"line":59,"column":3}},"type":"if","locations":[{"start":{"line":11,"column":9},"end":{"line":59,"column":3}},{"start":{"line":14,"column":9},"end":{"line":59,"column":3}}],"line":11},"4":{"loc":{"start":{"line":14,"column":9},"end":{"line":59,"column":3}},"type":"if","locations":[{"start":{"line":14,"column":9},"end":{"line":59,"column":3}},{"start":{"line":17,"column":9},"end":{"line":59,"column":3}}],"line":14},"5":{"loc":{"start":{"line":17,"column":9},"end":{"line":59,"column":3}},"type":"if","locations":[{"start":{"line":17,"column":9},"end":{"line":59,"column":3}},{"start":{"line":20,"column":9},"end":{"line":59,"column":3}}],"line":17},"6":{"loc":{"start":{"line":20,"column":9},"end":{"line":59,"column":3}},"type":"if","locations":[{"start":{"line":20,"column":9},"end":{"line":59,"column":3}},{"start":{"line":28,"column":7},"end":{"line":59,"column":3}}],"line":20},"7":{"loc":{"start":{"line":28,"column":7},"end":{"line":59,"column":3}},"type":"if","locations":[{"start":{"line":28,"column":7},"end":{"line":59,"column":3}},{"start":{"line":31,"column":9},"end":{"line":59,"column":3}}],"line":28},"8":{"loc":{"start":{"line":31,"column":9},"end":{"line":59,"column":3}},"type":"if","locations":[{"start":{"line":31,"column":9},"end":{"line":59,"column":3}},{"start":{"line":34,"column":9},"end":{"line":59,"column":3}}],"line":31},"9":{"loc":{"start":{"line":34,"column":9},"end":{"line":59,"column":3}},"type":"if","locations":[{"start":{"line":34,"column":9},"end":{"line":59,"column":3}},{"start":{"line":37,"column":9},"end":{"line":59,"column":3}}],"line":34},"10":{"loc":{"start":{"line":37,"column":9},"end":{"line":59,"column":3}},"type":"if","locations":[{"start":{"line":37,"column":9},"end":{"line":59,"column":3}},{"start":{"line":40,"column":9},"end":{"line":59,"column":3}}],"line":37},"11":{"loc":{"start":{"line":40,"column":9},"end":{"line":59,"column":3}},"type":"if","locations":[{"start":{"line":40,"column":9},"end":{"line":59,"column":3}},{"start":{"line":56,"column":7},"end":{"line":59,"column":3}}],"line":40},"12":{"loc":{"start":{"line":56,"column":7},"end":{"line":59,"column":3}},"type":"if","locations":[{"start":{"line":56,"column":7},"end":{"line":59,"column":3}},{"start":{},"end":{}}],"line":56}},"s":{"0":45,"1":45,"2":45,"3":9,"4":9,"5":36,"6":1,"7":1,"8":35,"9":1,"10":1,"11":34,"12":1,"13":1,"14":33,"15":1,"16":1,"17":32,"18":2,"19":2,"20":30,"21":0,"22":0,"23":30,"24":24,"25":24,"26":6,"27":0,"28":0,"29":6,"30":5,"31":5,"32":1,"33":0,"34":0,"35":1,"36":1,"37":1,"38":45,"39":5},"f":{"0":45},"b":{"0":[9,36],"1":[45,42],"2":[1,35],"3":[1,34],"4":[1,33],"5":[1,32],"6":[2,30],"7":[0,30],"8":[24,6],"9":[0,6],"10":[5,1],"11":[0,1],"12":[1,0]},"_coverageSchema":"1a1c01bbd47fc00a2c39e90264f33305004495a9","hash":"1deb86c586466bdea2af7b4897097616147bdea6"}
,"/Volumes/Fariz/bootcamp/DIETIV8/SERVER/models/achievement.js": {"path":"/Volumes/Fariz/bootcamp/DIETIV8/SERVER/models/achievement.js","statementMap":{"0":{"start":{"line":4,"column":4},"end":{"line":4,"column":24}},"1":{"start":{"line":5,"column":0},"end":{"line":26,"column":2}},"2":{"start":{"line":14,"column":6},"end":{"line":14,"column":78}},"3":{"start":{"line":17,"column":2},"end":{"line":24,"column":5}},"4":{"start":{"line":25,"column":2},"end":{"line":25,"column":21}}},"fnMap":{"0":{"name":"(anonymous_0)","decl":{"start":{"line":5,"column":17},"end":{"line":5,"column":18}},"loc":{"start":{"line":5,"column":43},"end":{"line":26,"column":1}},"line":5},"1":{"name":"(anonymous_1)","decl":{"start":{"line":12,"column":4},"end":{"line":12,"column":5}},"loc":{"start":{"line":12,"column":29},"end":{"line":15,"column":5}},"line":12}},"branchMap":{},"s":{"0":5,"1":5,"2":5,"3":5,"4":5},"f":{"0":5,"1":5},"b":{},"_coverageSchema":"1a1c01bbd47fc00a2c39e90264f33305004495a9","hash":"6f0f52b9aba7ec8f7c8556e6502ccd56b873f387"}
,"/Volumes/Fariz/bootcamp/DIETIV8/SERVER/models/food.js": {"path":"/Volumes/Fariz/bootcamp/DIETIV8/SERVER/models/food.js","statementMap":{"0":{"start":{"line":4,"column":4},"end":{"line":4,"column":24}},"1":{"start":{"line":5,"column":0},"end":{"line":26,"column":2}},"2":{"start":{"line":14,"column":6},"end":{"line":14,"column":58}},"3":{"start":{"line":15,"column":6},"end":{"line":15,"column":91}},"4":{"start":{"line":18,"column":2},"end":{"line":24,"column":5}},"5":{"start":{"line":25,"column":2},"end":{"line":25,"column":14}}},"fnMap":{"0":{"name":"(anonymous_0)","decl":{"start":{"line":5,"column":17},"end":{"line":5,"column":18}},"loc":{"start":{"line":5,"column":43},"end":{"line":26,"column":1}},"line":5},"1":{"name":"(anonymous_1)","decl":{"start":{"line":12,"column":4},"end":{"line":12,"column":5}},"loc":{"start":{"line":12,"column":29},"end":{"line":16,"column":5}},"line":12}},"branchMap":{},"s":{"0":5,"1":5,"2":5,"3":5,"4":5,"5":5},"f":{"0":5,"1":5},"b":{},"_coverageSchema":"1a1c01bbd47fc00a2c39e90264f33305004495a9","hash":"fb09f19a07336ff6f5c9dc1cd183757bd93be50c"}
,"/Volumes/Fariz/bootcamp/DIETIV8/SERVER/models/foodeaten.js": {"path":"/Volumes/Fariz/bootcamp/DIETIV8/SERVER/models/foodeaten.js","statementMap":{"0":{"start":{"line":4,"column":4},"end":{"line":4,"column":24}},"1":{"start":{"line":5,"column":0},"end":{"line":26,"column":2}},"2":{"start":{"line":14,"column":4},"end":{"line":14,"column":64}},"3":{"start":{"line":15,"column":4},"end":{"line":15,"column":58}},"4":{"start":{"line":18,"column":2},"end":{"line":24,"column":5}},"5":{"start":{"line":25,"column":2},"end":{"line":25,"column":19}}},"fnMap":{"0":{"name":"(anonymous_0)","decl":{"start":{"line":5,"column":17},"end":{"line":5,"column":18}},"loc":{"start":{"line":5,"column":43},"end":{"line":26,"column":1}},"line":5},"1":{"name":"(anonymous_1)","decl":{"start":{"line":12,"column":4},"end":{"line":12,"column":5}},"loc":{"start":{"line":12,"column":29},"end":{"line":16,"column":5}},"line":12}},"branchMap":{},"s":{"0":5,"1":5,"2":5,"3":5,"4":5,"5":5},"f":{"0":5,"1":5},"b":{},"_coverageSchema":"1a1c01bbd47fc00a2c39e90264f33305004495a9","hash":"f8cf8c9c436b4ee52f6f2b9012a5e3cfdd72aa57"}
,"/Volumes/Fariz/bootcamp/DIETIV8/SERVER/models/history.js": {"path":"/Volumes/Fariz/bootcamp/DIETIV8/SERVER/models/history.js","statementMap":{"0":{"start":{"line":4,"column":4},"end":{"line":4,"column":24}},"1":{"start":{"line":5,"column":0},"end":{"line":32,"column":2}},"2":{"start":{"line":14,"column":6},"end":{"line":14,"column":64}},"3":{"start":{"line":15,"column":6},"end":{"line":15,"column":58}},"4":{"start":{"line":16,"column":6},"end":{"line":16,"column":58}},"5":{"start":{"line":17,"column":6},"end":{"line":17,"column":95}},"6":{"start":{"line":20,"column":2},"end":{"line":30,"column":5}},"7":{"start":{"line":31,"column":2},"end":{"line":31,"column":17}}},"fnMap":{"0":{"name":"(anonymous_0)","decl":{"start":{"line":5,"column":17},"end":{"line":5,"column":18}},"loc":{"start":{"line":5,"column":43},"end":{"line":32,"column":1}},"line":5},"1":{"name":"(anonymous_1)","decl":{"start":{"line":12,"column":4},"end":{"line":12,"column":5}},"loc":{"start":{"line":12,"column":29},"end":{"line":18,"column":5}},"line":12}},"branchMap":{},"s":{"0":5,"1":5,"2":5,"3":5,"4":5,"5":5,"6":5,"7":5},"f":{"0":5,"1":5},"b":{},"_coverageSchema":"1a1c01bbd47fc00a2c39e90264f33305004495a9","hash":"d664953ebb8539c7bcd98226f2ae81f70843d3f4"}
,"/Volumes/Fariz/bootcamp/DIETIV8/SERVER/models/index.js": {"path":"/Volumes/Fariz/bootcamp/DIETIV8/SERVER/models/index.js","statementMap":{"0":{"start":{"line":3,"column":11},"end":{"line":3,"column":24}},"1":{"start":{"line":4,"column":13},"end":{"line":4,"column":28}},"2":{"start":{"line":5,"column":18},"end":{"line":5,"column":38}},"3":{"start":{"line":6,"column":16},"end":{"line":6,"column":34}},"4":{"start":{"line":7,"column":17},"end":{"line":7,"column":42}},"5":{"start":{"line":8,"column":12},"end":{"line":8,"column":49}},"6":{"start":{"line":9,"column":15},"end":{"line":9,"column":65}},"7":{"start":{"line":10,"column":11},"end":{"line":10,"column":13}},"8":{"start":{"line":13,"column":0},"end":{"line":17,"column":1}},"9":{"start":{"line":14,"column":2},"end":{"line":14,"column":74}},"10":{"start":{"line":16,"column":2},"end":{"line":16,"column":87}},"11":{"start":{"line":19,"column":0},"end":{"line":32,"column":5}},"12":{"start":{"line":22,"column":4},"end":{"line":27,"column":6}},"13":{"start":{"line":30,"column":18},"end":{"line":30,"column":85}},"14":{"start":{"line":31,"column":4},"end":{"line":31,"column":27}},"15":{"start":{"line":34,"column":0},"end":{"line":38,"column":3}},"16":{"start":{"line":35,"column":2},"end":{"line":37,"column":3}},"17":{"start":{"line":36,"column":4},"end":{"line":36,"column":32}},"18":{"start":{"line":40,"column":0},"end":{"line":40,"column":25}},"19":{"start":{"line":41,"column":0},"end":{"line":41,"column":25}},"20":{"start":{"line":43,"column":0},"end":{"line":43,"column":20}}},"fnMap":{"0":{"name":"(anonymous_0)","decl":{"start":{"line":21,"column":10},"end":{"line":21,"column":11}},"loc":{"start":{"line":21,"column":18},"end":{"line":28,"column":3}},"line":21},"1":{"name":"(anonymous_1)","decl":{"start":{"line":29,"column":11},"end":{"line":29,"column":12}},"loc":{"start":{"line":29,"column":19},"end":{"line":32,"column":3}},"line":29},"2":{"name":"(anonymous_2)","decl":{"start":{"line":34,"column":24},"end":{"line":34,"column":25}},"loc":{"start":{"line":34,"column":37},"end":{"line":38,"column":1}},"line":34}},"branchMap":{"0":{"loc":{"start":{"line":8,"column":12},"end":{"line":8,"column":49}},"type":"binary-expr","locations":[{"start":{"line":8,"column":12},"end":{"line":8,"column":32}},{"start":{"line":8,"column":36},"end":{"line":8,"column":49}}],"line":8},"1":{"loc":{"start":{"line":13,"column":0},"end":{"line":17,"column":1}},"type":"if","locations":[{"start":{"line":13,"column":0},"end":{"line":17,"column":1}},{"start":{"line":15,"column":7},"end":{"line":17,"column":1}}],"line":13},"2":{"loc":{"start":{"line":23,"column":6},"end":{"line":26,"column":37}},"type":"binary-expr","locations":[{"start":{"line":23,"column":6},"end":{"line":23,"column":29}},{"start":{"line":24,"column":6},"end":{"line":24,"column":23}},{"start":{"line":25,"column":6},"end":{"line":25,"column":30}},{"start":{"line":26,"column":6},"end":{"line":26,"column":37}}],"line":23},"3":{"loc":{"start":{"line":35,"column":2},"end":{"line":37,"column":3}},"type":"if","locations":[{"start":{"line":35,"column":2},"end":{"line":37,"column":3}},{"start":{},"end":{}}],"line":35}},"s":{"0":5,"1":5,"2":5,"3":5,"4":5,"5":5,"6":5,"7":5,"8":5,"9":0,"10":5,"11":5,"12":40,"13":35,"14":35,"15":5,"16":35,"17":35,"18":5,"19":5,"20":5},"f":{"0":40,"1":35,"2":35},"b":{"0":[5,0],"1":[0,5],"2":[40,40,35,35],"3":[35,0]},"_coverageSchema":"1a1c01bbd47fc00a2c39e90264f33305004495a9","hash":"aef4df7bd9a4a38fe9aac29ed874a70f118a2bc9"}
,"/Volumes/Fariz/bootcamp/DIETIV8/SERVER/models/menu.js": {"path":"/Volumes/Fariz/bootcamp/DIETIV8/SERVER/models/menu.js","statementMap":{"0":{"start":{"line":4,"column":4},"end":{"line":4,"column":24}},"1":{"start":{"line":5,"column":0},"end":{"line":36,"column":2}},"2":{"start":{"line":14,"column":6},"end":{"line":14,"column":61}},"3":{"start":{"line":17,"column":2},"end":{"line":34,"column":5}},"4":{"start":{"line":35,"column":2},"end":{"line":35,"column":14}}},"fnMap":{"0":{"name":"(anonymous_0)","decl":{"start":{"line":5,"column":17},"end":{"line":5,"column":18}},"loc":{"start":{"line":5,"column":43},"end":{"line":36,"column":1}},"line":5},"1":{"name":"(anonymous_1)","decl":{"start":{"line":12,"column":4},"end":{"line":12,"column":5}},"loc":{"start":{"line":12,"column":29},"end":{"line":15,"column":5}},"line":12}},"branchMap":{},"s":{"0":5,"1":5,"2":5,"3":5,"4":5},"f":{"0":5,"1":5},"b":{},"_coverageSchema":"1a1c01bbd47fc00a2c39e90264f33305004495a9","hash":"ee55b5ef8bc2ea33f059f7f0302f79e8c7ec4acb"}
,"/Volumes/Fariz/bootcamp/DIETIV8/SERVER/models/user.js": {"path":"/Volumes/Fariz/bootcamp/DIETIV8/SERVER/models/user.js","statementMap":{"0":{"start":{"line":2,"column":18},"end":{"line":2,"column":38}},"1":{"start":{"line":3,"column":11},"end":{"line":3,"column":30}},"2":{"start":{"line":4,"column":0},"end":{"line":109,"column":2}},"3":{"start":{"line":13,"column":6},"end":{"line":13,"column":61}},"4":{"start":{"line":14,"column":6},"end":{"line":14,"column":69}},"5":{"start":{"line":17,"column":2},"end":{"line":107,"column":4}},"6":{"start":{"line":101,"column":10},"end":{"line":101,"column":53}},"7":{"start":{"line":108,"column":2},"end":{"line":108,"column":14}}},"fnMap":{"0":{"name":"(anonymous_0)","decl":{"start":{"line":4,"column":17},"end":{"line":4,"column":18}},"loc":{"start":{"line":4,"column":43},"end":{"line":109,"column":1}},"line":4},"1":{"name":"(anonymous_1)","decl":{"start":{"line":11,"column":4},"end":{"line":11,"column":5}},"loc":{"start":{"line":11,"column":29},"end":{"line":15,"column":5}},"line":11},"2":{"name":"(anonymous_2)","decl":{"start":{"line":100,"column":8},"end":{"line":100,"column":9}},"loc":{"start":{"line":100,"column":36},"end":{"line":102,"column":9}},"line":100}},"branchMap":{},"s":{"0":5,"1":5,"2":5,"3":5,"4":5,"5":5,"6":6,"7":5},"f":{"0":5,"1":5,"2":6},"b":{},"_coverageSchema":"1a1c01bbd47fc00a2c39e90264f33305004495a9","hash":"3f344c4553af8f82c9c6d094b55264083b1466c6"}
,"/Volumes/Fariz/bootcamp/DIETIV8/SERVER/models/userachievement.js": {"path":"/Volumes/Fariz/bootcamp/DIETIV8/SERVER/models/userachievement.js","statementMap":{"0":{"start":{"line":4,"column":4},"end":{"line":4,"column":24}},"1":{"start":{"line":5,"column":0},"end":{"line":26,"column":2}},"2":{"start":{"line":14,"column":6},"end":{"line":14,"column":80}},"3":{"start":{"line":15,"column":6},"end":{"line":15,"column":66}},"4":{"start":{"line":18,"column":2},"end":{"line":24,"column":5}},"5":{"start":{"line":25,"column":2},"end":{"line":25,"column":25}}},"fnMap":{"0":{"name":"(anonymous_0)","decl":{"start":{"line":5,"column":17},"end":{"line":5,"column":18}},"loc":{"start":{"line":5,"column":43},"end":{"line":26,"column":1}},"line":5},"1":{"name":"(anonymous_1)","decl":{"start":{"line":12,"column":4},"end":{"line":12,"column":5}},"loc":{"start":{"line":12,"column":29},"end":{"line":16,"column":5}},"line":12}},"branchMap":{},"s":{"0":5,"1":5,"2":5,"3":5,"4":5,"5":5},"f":{"0":5,"1":5},"b":{},"_coverageSchema":"1a1c01bbd47fc00a2c39e90264f33305004495a9","hash":"24550fc8dca662db291cc48791e46f84904b9081"}
,"/Volumes/Fariz/bootcamp/DIETIV8/SERVER/routes/achievement.js": {"path":"/Volumes/Fariz/bootcamp/DIETIV8/SERVER/routes/achievement.js","statementMap":{"0":{"start":{"line":1,"column":16},"end":{"line":1,"column":34}},"1":{"start":{"line":2,"column":15},"end":{"line":2,"column":31}},"2":{"start":{"line":3,"column":19},"end":{"line":3,"column":66}},"3":{"start":{"line":5,"column":0},"end":{"line":5,"column":41}},"4":{"start":{"line":6,"column":0},"end":{"line":6,"column":42}},"5":{"start":{"line":8,"column":0},"end":{"line":8,"column":24}}},"fnMap":{},"branchMap":{},"s":{"0":5,"1":5,"2":5,"3":5,"4":5,"5":5},"f":{},"b":{},"_coverageSchema":"1a1c01bbd47fc00a2c39e90264f33305004495a9","hash":"3d0c0d2179246ec9f7a7803036eaa2348508f8a2"}
,"/Volumes/Fariz/bootcamp/DIETIV8/SERVER/routes/fitnes.js": {"path":"/Volumes/Fariz/bootcamp/DIETIV8/SERVER/routes/fitnes.js","statementMap":{"0":{"start":{"line":1,"column":16},"end":{"line":1,"column":34}},"1":{"start":{"line":2,"column":21},"end":{"line":2,"column":37}},"2":{"start":{"line":3,"column":25},"end":{"line":3,"column":67}},"3":{"start":{"line":5,"column":0},"end":{"line":5,"column":49}},"4":{"start":{"line":8,"column":0},"end":{"line":8,"column":29}}},"fnMap":{},"branchMap":{},"s":{"0":5,"1":5,"2":5,"3":5,"4":5},"f":{},"b":{},"_coverageSchema":"1a1c01bbd47fc00a2c39e90264f33305004495a9","hash":"760b3ca15d44ce05a6085b62b1a6b90362709c2c"}
,"/Volumes/Fariz/bootcamp/DIETIV8/SERVER/routes/food.js": {"path":"/Volumes/Fariz/bootcamp/DIETIV8/SERVER/routes/food.js","statementMap":{"0":{"start":{"line":1,"column":16},"end":{"line":1,"column":34}},"1":{"start":{"line":2,"column":15},"end":{"line":2,"column":31}},"2":{"start":{"line":3,"column":19},"end":{"line":3,"column":59}},"3":{"start":{"line":4,"column":0},"end":{"line":4,"column":40}},"4":{"start":{"line":7,"column":0},"end":{"line":7,"column":48}},"5":{"start":{"line":10,"column":0},"end":{"line":10,"column":24}}},"fnMap":{},"branchMap":{},"s":{"0":5,"1":5,"2":5,"3":5,"4":5,"5":5},"f":{},"b":{},"_coverageSchema":"1a1c01bbd47fc00a2c39e90264f33305004495a9","hash":"8cd18f6ad76db8863b9d71c48221ed9662932e2c"}
,"/Volumes/Fariz/bootcamp/DIETIV8/SERVER/routes/history.js": {"path":"/Volumes/Fariz/bootcamp/DIETIV8/SERVER/routes/history.js","statementMap":{"0":{"start":{"line":1,"column":16},"end":{"line":1,"column":34}},"1":{"start":{"line":2,"column":22},"end":{"line":2,"column":38}},"2":{"start":{"line":3,"column":26},"end":{"line":3,"column":69}},"3":{"start":{"line":7,"column":0},"end":{"line":7,"column":56}},"4":{"start":{"line":11,"column":0},"end":{"line":11,"column":30}}},"fnMap":{},"branchMap":{},"s":{"0":5,"1":5,"2":5,"3":5,"4":5},"f":{},"b":{},"_coverageSchema":"1a1c01bbd47fc00a2c39e90264f33305004495a9","hash":"c31b1bb2f357d3b31161744e364b2f11ca4e710d"}
,"/Volumes/Fariz/bootcamp/DIETIV8/SERVER/routes/index.js": {"path":"/Volumes/Fariz/bootcamp/DIETIV8/SERVER/routes/index.js","statementMap":{"0":{"start":{"line":1,"column":16},"end":{"line":1,"column":34}},"1":{"start":{"line":2,"column":15},"end":{"line":2,"column":31}},"2":{"start":{"line":3,"column":18},"end":{"line":3,"column":35}},"3":{"start":{"line":4,"column":18},"end":{"line":4,"column":35}},"4":{"start":{"line":5,"column":21},"end":{"line":5,"column":40}},"5":{"start":{"line":6,"column":26},"end":{"line":6,"column":50}},"6":{"start":{"line":7,"column":22},"end":{"line":7,"column":42}},"7":{"start":{"line":8,"column":25},"end":{"line":8,"column":65}},"8":{"start":{"line":9,"column":19},"end":{"line":9,"column":36}},"9":{"start":{"line":10,"column":21},"end":{"line":10,"column":40}},"10":{"start":{"line":12,"column":0},"end":{"line":12,"column":32}},"11":{"start":{"line":14,"column":0},"end":{"line":14,"column":26}},"12":{"start":{"line":18,"column":0},"end":{"line":18,"column":45}},"13":{"start":{"line":20,"column":0},"end":{"line":20,"column":32}},"14":{"start":{"line":21,"column":0},"end":{"line":21,"column":35}},"15":{"start":{"line":22,"column":0},"end":{"line":22,"column":39}},"16":{"start":{"line":23,"column":0},"end":{"line":23,"column":32}},"17":{"start":{"line":24,"column":0},"end":{"line":24,"column":35}},"18":{"start":{"line":26,"column":0},"end":{"line":26,"column":24}}},"fnMap":{},"branchMap":{},"s":{"0":5,"1":5,"2":5,"3":5,"4":5,"5":5,"6":5,"7":5,"8":5,"9":5,"10":5,"11":5,"12":5,"13":5,"14":5,"15":5,"16":5,"17":5,"18":5},"f":{},"b":{},"_coverageSchema":"1a1c01bbd47fc00a2c39e90264f33305004495a9","hash":"b8196685dd50bd3d161cdcd842b5f2815f304cac"}
,"/Volumes/Fariz/bootcamp/DIETIV8/SERVER/routes/menu.js": {"path":"/Volumes/Fariz/bootcamp/DIETIV8/SERVER/routes/menu.js","statementMap":{"0":{"start":{"line":1,"column":16},"end":{"line":1,"column":34}},"1":{"start":{"line":2,"column":19},"end":{"line":2,"column":35}},"2":{"start":{"line":3,"column":23},"end":{"line":3,"column":63}},"3":{"start":{"line":4,"column":27},"end":{"line":4,"column":71}},"4":{"start":{"line":6,"column":0},"end":{"line":6,"column":73}},"5":{"start":{"line":8,"column":0},"end":{"line":8,"column":77}},"6":{"start":{"line":11,"column":0},"end":{"line":11,"column":75}},"7":{"start":{"line":14,"column":0},"end":{"line":14,"column":27}}},"fnMap":{},"branchMap":{},"s":{"0":5,"1":5,"2":5,"3":5,"4":5,"5":5,"6":5,"7":5},"f":{},"b":{},"_coverageSchema":"1a1c01bbd47fc00a2c39e90264f33305004495a9","hash":"f7a32b2b3c7cf12db00a86f447650ac0d1e0b0f1"}
,"/Volumes/Fariz/bootcamp/DIETIV8/SERVER/routes/openAi.js": {"path":"/Volumes/Fariz/bootcamp/DIETIV8/SERVER/routes/openAi.js","statementMap":{"0":{"start":{"line":1,"column":16},"end":{"line":1,"column":34}},"1":{"start":{"line":2,"column":34},"end":{"line":2,"column":76}},"2":{"start":{"line":3,"column":21},"end":{"line":3,"column":37}},"3":{"start":{"line":5,"column":0},"end":{"line":5,"column":34}},"4":{"start":{"line":9,"column":0},"end":{"line":9,"column":29}}},"fnMap":{},"branchMap":{},"s":{"0":5,"1":5,"2":5,"3":5,"4":5},"f":{},"b":{},"_coverageSchema":"1a1c01bbd47fc00a2c39e90264f33305004495a9","hash":"95b1cbb44eda334e5dc34b0b6d9c422282eee0cb"}
,"/Volumes/Fariz/bootcamp/DIETIV8/SERVER/routes/user.js": {"path":"/Volumes/Fariz/bootcamp/DIETIV8/SERVER/routes/user.js","statementMap":{"0":{"start":{"line":1,"column":16},"end":{"line":1,"column":34}},"1":{"start":{"line":2,"column":15},"end":{"line":2,"column":31}},"2":{"start":{"line":3,"column":25},"end":{"line":3,"column":65}},"3":{"start":{"line":4,"column":19},"end":{"line":4,"column":59}},"4":{"start":{"line":6,"column":0},"end":{"line":6,"column":44}},"5":{"start":{"line":7,"column":0},"end":{"line":7,"column":38}},"6":{"start":{"line":8,"column":0},"end":{"line":8,"column":26}},"7":{"start":{"line":9,"column":0},"end":{"line":9,"column":42}},"8":{"start":{"line":10,"column":0},"end":{"line":10,"column":36}},"9":{"start":{"line":12,"column":0},"end":{"line":12,"column":23}}},"fnMap":{},"branchMap":{},"s":{"0":5,"1":5,"2":5,"3":5,"4":5,"5":5,"6":5,"7":5,"8":5,"9":5},"f":{},"b":{},"_coverageSchema":"1a1c01bbd47fc00a2c39e90264f33305004495a9","hash":"ae1625a2a64a5c20b3ed290160b0f88abced2c72"}
}
