TN:
SF:app.js
FNF:0
FNH:0
DA:1,5
DA:2,5
DA:4,5
DA:5,5
DA:6,5
DA:7,5
DA:8,5
DA:9,5
DA:10,5
DA:11,5
DA:12,5
DA:13,5
DA:14,5
DA:21,5
LF:14
LH:14
BRDA:1,0,0,5
BRDA:1,0,1,0
BRDA:7,1,0,5
BRDA:7,1,1,5
BRF:4
BRH:3
end_of_record
TN:
SF:config/configOpenAi.js
FN:24,agent
FNF:1
FNH:1
FNDA:3,agent
DA:2,5
DA:3,5
DA:4,5
DA:5,5
DA:6,5
DA:7,5
DA:10,5
DA:16,5
DA:25,3
DA:26,3
DA:30,3
DA:38,3
DA:39,3
DA:40,3
DA:46,5
LF:15
LH:15
BRF:0
BRH:0
end_of_record
TN:
SF:config/foodCalorieAi.js
FNF:0
FNH:0
DA:1,5
DA:24,5
LF:2
LH:2
BRF:0
BRH:0
end_of_record
TN:
SF:config/recomendAi.js
FNF:0
FNH:0
DA:1,5
DA:39,5
LF:2
LH:2
BRF:0
BRH:0
end_of_record
TN:
SF:config/validFoodDrinkAi.js
FNF:0
FNH:0
DA:1,5
DA:18,5
LF:2
LH:2
BRF:0
BRH:0
end_of_record
TN:
SF:controllers/AchievementController.js
FN:5,(anonymous_0)
FN:17,(anonymous_1)
FNF:2
FNH:2
FNDA:1,(anonymous_0)
FNDA:2,(anonymous_1)
DA:1,5
DA:2,5
DA:3,5
DA:6,1
DA:7,1
DA:8,1
DA:12,1
DA:14,0
DA:18,2
DA:19,2
DA:20,2
DA:21,2
DA:22,1
DA:24,1
DA:28,1
DA:29,1
DA:36,1
DA:43,1
DA:46,1
DA:51,5
LF:20
LH:19
BRDA:21,0,0,1
BRDA:21,0,1,1
BRF:2
BRH:2
end_of_record
TN:
SF:controllers/FitnesController.js
FN:5,(anonymous_0)
FNF:1
FNH:1
FNDA:1,(anonymous_0)
DA:1,5
DA:2,5
DA:6,1
DA:7,1
DA:8,1
DA:9,1
DA:11,1
DA:12,1
DA:26,1
DA:27,1
DA:28,1
DA:29,1
DA:30,1
DA:31,1
DA:36,1
DA:38,0
DA:43,5
LF:17
LH:16
BRF:0
BRH:0
end_of_record
TN:
SF:controllers/FoodController.js
FN:7,(anonymous_0)
FN:25,(anonymous_1)
FNF:2
FNH:2
FNDA:2,(anonymous_0)
FNDA:4,(anonymous_1)
DA:1,5
DA:2,5
DA:3,5
DA:8,2
DA:9,2
DA:10,2
DA:11,2
DA:12,1
DA:14,2
DA:15,2
DA:19,2
DA:21,0
DA:26,4
DA:27,4
DA:28,4
DA:30,4
DA:31,4
DA:32,1
DA:34,3
DA:36,3
DA:37,1
DA:40,2
DA:43,2
DA:44,2
DA:45,2
DA:46,2
DA:48,2
DA:49,2
DA:50,2
DA:51,2
DA:52,2
DA:53,2
DA:55,2
DA:56,2
DA:61,5
LF:35
LH:34
BRDA:11,0,0,1
BRDA:11,0,1,1
BRDA:31,1,0,1
BRDA:31,1,1,3
BRDA:36,2,0,1
BRDA:36,2,1,2
BRDA:43,3,0,2
BRDA:43,3,1,0
BRDA:45,4,0,0
BRDA:45,4,1,2
BRF:10
BRH:8
end_of_record
TN:
SF:controllers/HistoryController.js
FN:29,(anonymous_0)
FNF:1
FNH:1
FNDA:2,(anonymous_0)
DA:1,5
DA:2,5
DA:30,2
DA:31,2
DA:32,2
DA:33,2
DA:34,2
DA:45,2
DA:48,0
DA:53,5
LF:10
LH:9
BRF:0
BRH:0
end_of_record
TN:
SF:controllers/MenuController.js
FN:5,(anonymous_0)
FN:19,(anonymous_1)
FN:37,(anonymous_2)
FNF:3
FNH:3
FNDA:2,(anonymous_0)
FNDA:1,(anonymous_1)
FNDA:3,(anonymous_2)
DA:1,5
DA:2,5
DA:6,2
DA:7,2
DA:8,2
DA:9,2
DA:11,0
DA:12,0
DA:13,0
DA:15,2
DA:20,1
DA:21,1
DA:22,1
DA:23,1
DA:31,1
DA:33,0
DA:38,3
DA:39,3
DA:40,3
DA:41,3
DA:42,3
DA:43,3
DA:44,1
DA:46,2
DA:47,1
DA:49,1
DA:50,1
DA:51,1
DA:52,1
DA:53,1
DA:58,1
DA:63,1
DA:73,1
DA:74,1
DA:75,1
DA:77,2
DA:78,2
DA:83,5
LF:38
LH:34
BRDA:8,0,0,2
BRDA:8,0,1,0
BRDA:12,1,0,0
BRDA:12,1,1,0
BRDA:43,2,0,1
BRDA:43,2,1,2
BRDA:46,3,0,1
BRDA:46,3,1,1
BRF:8
BRH:5
end_of_record
TN:
SF:controllers/OpenAiController.js
FN:3,(anonymous_0)
FN:20,(anonymous_1)
FNF:2
FNH:2
FNDA:1,(anonymous_0)
FNDA:2,(anonymous_1)
DA:1,5
DA:4,1
DA:5,1
DA:8,1
DA:9,1
DA:10,1
DA:14,1
DA:16,0
DA:21,2
DA:23,2
DA:30,2
DA:32,0
DA:37,5
LF:13
LH:11
BRDA:9,0,0,0
BRDA:9,0,1,1
BRF:2
BRH:1
end_of_record
TN:
SF:controllers/UserController.js
FN:8,(anonymous_0)
FN:51,(anonymous_1)
FN:86,(anonymous_2)
FN:99,(anonymous_3)
FNF:4
FNH:4
FNDA:18,(anonymous_0)
FNDA:3,(anonymous_1)
FNDA:1,(anonymous_2)
FNDA:9,(anonymous_3)
DA:1,5
DA:2,5
DA:3,5
DA:4,5
DA:5,5
DA:6,5
DA:9,18
DA:21,18
DA:22,18
DA:23,18
DA:36,1
DA:47,17
DA:52,3
DA:53,3
DA:54,3
DA:55,0
DA:57,3
DA:58,3
DA:59,2
DA:61,1
DA:62,1
DA:63,0
DA:66,1
DA:79,1
DA:80,1
DA:82,2
DA:87,1
DA:88,1
DA:89,1
DA:90,1
DA:91,0
DA:93,1
DA:94,1
DA:96,0
DA:100,9
DA:101,9
DA:113,9
DA:114,9
DA:115,9
DA:128,1
DA:141,1
DA:142,1
DA:144,8
DA:149,5
LF:44
LH:40
BRDA:54,0,0,0
BRDA:54,0,1,3
BRDA:54,1,0,3
BRDA:54,1,1,3
BRDA:58,2,0,2
BRDA:58,2,1,1
BRDA:62,3,0,0
BRDA:62,3,1,1
BRDA:90,4,0,0
BRDA:90,4,1,1
BRF:10
BRH:7
end_of_record
TN:
SF:helpers/caloryLimit.js
FN:3,setCaloryLimit
FNF:1
FNH:1
FNDA:28,setCaloryLimit
DA:1,5
DA:4,28
DA:5,28
DA:6,28
DA:7,28
DA:8,28
DA:10,28
DA:12,28
DA:27,28
DA:28,28
DA:29,13
DA:31,13
DA:33,15
DA:34,15
DA:37,5
LF:15
LH:15
BRF:0
BRH:0
end_of_record
TN:
SF:helpers/getAge.js
FN:1,getAge
FNF:1
FNH:1
FNDA:1,getAge
DA:2,1
DA:3,1
DA:4,1
DA:5,1
DA:9,1
DA:18,5
LF:6
LH:6
BRDA:3,0,0,0
BRDA:3,0,1,1
BRF:2
BRH:1
end_of_record
TN:
SF:helpers/getCurrentDate.js
FN:1,getCurrentDate
FNF:1
FNH:1
FNDA:2,getCurrentDate
DA:2,2
DA:3,2
DA:4,2
DA:6,5
LF:4
LH:4
BRF:0
BRH:0
end_of_record
TN:
SF:helpers/jwt.js
FN:5,createToken
FN:9,verifyToken
FNF:2
FNH:2
FNDA:7,createToken
FNDA:37,verifyToken
DA:1,5
DA:2,5
DA:4,5
DA:7,7
DA:10,37
DA:13,5
LF:6
LH:6
BRF:0
BRH:0
end_of_record
TN:
SF:middlewares/authentication.js
FN:3,authentication
FNF:1
FNH:1
FNDA:40,authentication
DA:1,5
DA:2,5
DA:4,40
DA:5,40
DA:6,40
DA:7,3
DA:9,37
DA:10,31
DA:15,31
DA:25,31
DA:27,9
DA:28,9
DA:32,5
LF:13
LH:13
BRDA:6,0,0,3
BRDA:6,0,1,37
BRF:2
BRH:2
end_of_record
TN:
SF:middlewares/authenticationMenu.js
FN:3,validMenu
FNF:1
FNH:1
FNDA:8,validMenu
DA:1,5
DA:4,8
DA:5,8
DA:6,8
DA:7,8
DA:8,8
DA:9,6
DA:10,6
DA:12,2
DA:16,5
LF:10
LH:10
BRDA:8,0,0,2
BRDA:8,0,1,6
BRDA:9,1,0,0
BRDA:9,1,1,6
BRF:4
BRH:3
end_of_record
TN:
SF:middlewares/errorHandler.js
FN:1,errorHandler
FNF:1
FNH:1
FNDA:45,errorHandler
DA:2,45
DA:3,45
DA:5,45
DA:6,9
DA:7,9
DA:8,36
DA:9,1
DA:10,1
DA:11,35
DA:12,1
DA:13,1
DA:14,34
DA:15,1
DA:16,1
DA:17,33
DA:18,1
DA:19,1
DA:20,32
DA:21,2
DA:22,2
DA:28,30
DA:29,0
DA:30,0
DA:31,30
DA:32,24
DA:33,24
DA:34,6
DA:35,0
DA:36,0
DA:37,6
DA:38,5
DA:39,5
DA:40,1
DA:41,0
DA:42,0
DA:56,1
DA:57,1
DA:58,1
DA:60,45
DA:62,5
LF:40
LH:34
BRDA:5,0,0,9
BRDA:5,0,1,36
BRDA:5,1,0,45
BRDA:5,1,1,42
BRDA:8,2,0,1
BRDA:8,2,1,35
BRDA:11,3,0,1
BRDA:11,3,1,34
BRDA:14,4,0,1
BRDA:14,4,1,33
BRDA:17,5,0,1
BRDA:17,5,1,32
BRDA:20,6,0,2
BRDA:20,6,1,30
BRDA:28,7,0,0
BRDA:28,7,1,30
BRDA:31,8,0,24
BRDA:31,8,1,6
BRDA:34,9,0,0
BRDA:34,9,1,6
BRDA:37,10,0,5
BRDA:37,10,1,1
BRDA:40,11,0,0
BRDA:40,11,1,1
BRDA:56,12,0,1
BRDA:56,12,1,0
BRF:26
BRH:22
end_of_record
TN:
SF:models/achievement.js
FN:5,(anonymous_0)
FN:12,(anonymous_1)
FNF:2
FNH:2
FNDA:5,(anonymous_0)
FNDA:5,(anonymous_1)
DA:4,5
DA:5,5
DA:14,5
DA:17,5
DA:25,5
LF:5
LH:5
BRF:0
BRH:0
end_of_record
TN:
SF:models/food.js
FN:5,(anonymous_0)
FN:12,(anonymous_1)
FNF:2
FNH:2
FNDA:5,(anonymous_0)
FNDA:5,(anonymous_1)
DA:4,5
DA:5,5
DA:14,5
DA:15,5
DA:18,5
DA:25,5
LF:6
LH:6
BRF:0
BRH:0
end_of_record
TN:
SF:models/foodeaten.js
FN:5,(anonymous_0)
FN:12,(anonymous_1)
FNF:2
FNH:2
FNDA:5,(anonymous_0)
FNDA:5,(anonymous_1)
DA:4,5
DA:5,5
DA:14,5
DA:15,5
DA:18,5
DA:25,5
LF:6
LH:6
BRF:0
BRH:0
end_of_record
TN:
SF:models/history.js
FN:5,(anonymous_0)
FN:12,(anonymous_1)
FNF:2
FNH:2
FNDA:5,(anonymous_0)
FNDA:5,(anonymous_1)
DA:4,5
DA:5,5
DA:14,5
DA:15,5
DA:16,5
DA:17,5
DA:20,5
DA:31,5
LF:8
LH:8
BRF:0
BRH:0
end_of_record
TN:
SF:models/index.js
FN:21,(anonymous_0)
FN:29,(anonymous_1)
FN:34,(anonymous_2)
FNF:3
FNH:3
FNDA:40,(anonymous_0)
FNDA:35,(anonymous_1)
FNDA:35,(anonymous_2)
DA:3,5
DA:4,5
DA:5,5
DA:6,5
DA:7,5
DA:8,5
DA:9,5
DA:10,5
DA:13,5
DA:14,0
DA:16,5
DA:19,5
DA:22,40
DA:30,35
DA:31,35
DA:34,5
DA:35,35
DA:36,35
DA:40,5
DA:41,5
DA:43,5
LF:21
LH:20
BRDA:8,0,0,5
BRDA:8,0,1,0
BRDA:13,1,0,0
BRDA:13,1,1,5
BRDA:23,2,0,40
BRDA:23,2,1,40
BRDA:23,2,2,35
BRDA:23,2,3,35
BRDA:35,3,0,35
BRDA:35,3,1,0
BRF:10
BRH:7
end_of_record
TN:
SF:models/menu.js
FN:5,(anonymous_0)
FN:12,(anonymous_1)
FNF:2
FNH:2
FNDA:5,(anonymous_0)
FNDA:5,(anonymous_1)
DA:4,5
DA:5,5
DA:14,5
DA:17,5
DA:35,5
LF:5
LH:5
BRF:0
BRH:0
end_of_record
TN:
SF:models/user.js
FN:4,(anonymous_0)
FN:11,(anonymous_1)
FN:100,(anonymous_2)
FNF:3
FNH:3
FNDA:5,(anonymous_0)
FNDA:5,(anonymous_1)
FNDA:6,(anonymous_2)
DA:2,5
DA:3,5
DA:4,5
DA:13,5
DA:14,5
DA:17,5
DA:101,6
DA:108,5
LF:8
LH:8
BRF:0
BRH:0
end_of_record
TN:
SF:models/userachievement.js
FN:5,(anonymous_0)
FN:12,(anonymous_1)
FNF:2
FNH:2
FNDA:5,(anonymous_0)
FNDA:5,(anonymous_1)
DA:4,5
DA:5,5
DA:14,5
DA:15,5
DA:18,5
DA:25,5
LF:6
LH:6
BRF:0
BRH:0
end_of_record
TN:
SF:routes/achievement.js
FNF:0
FNH:0
DA:1,5
DA:2,5
DA:3,5
DA:5,5
DA:6,5
DA:8,5
LF:6
LH:6
BRF:0
BRH:0
end_of_record
TN:
SF:routes/fitnes.js
FNF:0
FNH:0
DA:1,5
DA:2,5
DA:3,5
DA:5,5
DA:8,5
LF:5
LH:5
BRF:0
BRH:0
end_of_record
TN:
SF:routes/food.js
FNF:0
FNH:0
DA:1,5
DA:2,5
DA:3,5
DA:4,5
DA:7,5
DA:10,5
LF:6
LH:6
BRF:0
BRH:0
end_of_record
TN:
SF:routes/history.js
FNF:0
FNH:0
DA:1,5
DA:2,5
DA:3,5
DA:7,5
DA:11,5
LF:5
LH:5
BRF:0
BRH:0
end_of_record
TN:
SF:routes/index.js
FNF:0
FNH:0
DA:1,5
DA:2,5
DA:3,5
DA:4,5
DA:5,5
DA:6,5
DA:7,5
DA:8,5
DA:9,5
DA:10,5
DA:12,5
DA:14,5
DA:18,5
DA:20,5
DA:21,5
DA:22,5
DA:23,5
DA:24,5
DA:26,5
LF:19
LH:19
BRF:0
BRH:0
end_of_record
TN:
SF:routes/menu.js
FNF:0
FNH:0
DA:1,5
DA:2,5
DA:3,5
DA:4,5
DA:6,5
DA:8,5
DA:11,5
DA:14,5
LF:8
LH:8
BRF:0
BRH:0
end_of_record
TN:
SF:routes/openAi.js
FNF:0
FNH:0
DA:1,5
DA:2,5
DA:3,5
DA:5,5
DA:9,5
LF:5
LH:5
BRF:0
BRH:0
end_of_record
TN:
SF:routes/user.js
FNF:0
FNH:0
DA:1,5
DA:2,5
DA:3,5
DA:4,5
DA:6,5
DA:7,5
DA:8,5
DA:9,5
DA:10,5
DA:12,5
LF:10
LH:10
BRF:0
BRH:0
end_of_record
